{"numFailedTestSuites":0,"numFailedTests":0,"numPassedTestSuites":6,"numPassedTests":13,"numPendingTestSuites":0,"numPendingTests":0,"numRuntimeErrorTestSuites":0,"numTodoTests":0,"numTotalTestSuites":6,"numTotalTests":13,"openHandles":[],"snapshot":{"added":0,"didUpdate":false,"failure":false,"filesAdded":0,"filesRemoved":0,"filesRemovedList":[],"filesUnmatched":0,"filesUpdated":0,"matched":6,"total":6,"unchecked":0,"uncheckedKeysByFile":[],"unmatched":0,"updated":0},"startTime":1596894636150,"success":true,"testResults":[{"assertionResults":[{"ancestorTitles":["TrendingPosts component unit test"],"failureMessages":[],"fullName":"TrendingPosts component unit test renders TrendingPosts without crashing","location":null,"status":"passed","title":"renders TrendingPosts without crashing"},{"ancestorTitles":["TrendingPosts component unit test"],"failureMessages":[],"fullName":"TrendingPosts component unit test should exist Card tag","location":null,"status":"passed","title":"should exist Card tag"}],"endTime":1596894638702,"message":"","name":"/home/frane/Work Projects/voxpop-React/src/views/__tests__/TrendingPosts.test.js","startTime":1596894636686,"status":"passed","summary":""},{"assertionResults":[{"ancestorTitles":["Homepage component unit tests"],"failureMessages":[],"fullName":"Homepage component unit tests renders Homepage without crashing","location":null,"status":"passed","title":"renders Homepage without crashing"},{"ancestorTitles":["Homepage component unit tests"],"failureMessages":[],"fullName":"Homepage component unit tests should exist Card tag","location":null,"status":"passed","title":"should exist Card tag"},{"ancestorTitles":["Homepage component unit tests"],"failureMessages":[],"fullName":"Homepage component unit tests should exist Pagination tag","location":null,"status":"passed","title":"should exist Pagination tag"}],"endTime":1596894639255,"message":"","name":"/home/frane/Work Projects/voxpop-React/src/views/Homepage/__tests__/Homepage.test.js","startTime":1596894638717,"status":"passed","summary":""},{"assertionResults":[{"ancestorTitles":["PopPrediction test -"],"failureMessages":[],"fullName":"PopPrediction test - renders correctly","location":null,"status":"passed","title":"renders correctly"},{"ancestorTitles":["PopPrediction test -"],"failureMessages":[],"fullName":"PopPrediction test - pop gets prediction","location":null,"status":"passed","title":"pop gets prediction"}],"endTime":1596894639988,"message":"","name":"/home/frane/Work Projects/voxpop-React/src/components/PopPrediction/PopPrediction.test.js","startTime":1596894639269,"status":"passed","summary":""},{"assertionResults":[{"ancestorTitles":["PostCard component unit test"],"failureMessages":[],"fullName":"PostCard component unit test renders PostCard without crashing","location":null,"status":"passed","title":"renders PostCard without crashing"},{"ancestorTitles":["PostCard component unit test"],"failureMessages":[],"fullName":"PostCard component unit test should exist Card tag","location":null,"status":"passed","title":"should exist Card tag"}],"endTime":1596894640302,"message":"","name":"/home/frane/Work Projects/voxpop-React/src/components/__tests__/PostCard.test.js","startTime":1596894639994,"status":"passed","summary":""},{"assertionResults":[{"ancestorTitles":["PostsList component unit test"],"failureMessages":[],"fullName":"PostsList component unit test renders PostsList without crashing","location":null,"status":"passed","title":"renders PostsList without crashing"},{"ancestorTitles":["PostsList component unit test"],"failureMessages":[],"fullName":"PostsList component unit test should LoadPostsList if loading = false","location":null,"status":"passed","title":"should LoadPostsList if loading = false"},{"ancestorTitles":["PostsList component unit test"],"failureMessages":[],"fullName":"PostsList component unit test should exist AlertSkeletonLoader if loading = true","location":null,"status":"passed","title":"should exist AlertSkeletonLoader if loading = true"}],"endTime":1596894640535,"message":"","name":"/home/frane/Work Projects/voxpop-React/src/components/__tests__/PostsList.test.js","startTime":1596894640309,"status":"passed","summary":""},{"assertionResults":[{"ancestorTitles":["SubHeader component unit test"],"failureMessages":[],"fullName":"SubHeader component unit test renders SubHeader without crashing","location":null,"status":"passed","title":"renders SubHeader without crashing"}],"endTime":1596894640755,"message":"","name":"/home/frane/Work Projects/voxpop-React/src/components/__tests__/SubHeader.test.js","startTime":1596894640542,"status":"passed","summary":""}],"wasInterrupted":false}